<?xml version="1.0" encoding="UTF-8"?>
<testsuite name="com.reliaquest.api.ApiApplicationTest" tests="1" skipped="0" failures="0" errors="0" timestamp="2024-11-28T05:06:56" hostname="GajendranoMacBook-Pro.local" time="0.707">
  <properties/>
  <testcase name="someTest()" classname="com.reliaquest.api.ApiApplicationTest" time="0.707"/>
  <system-out><![CDATA[14:06:54.548 [Test worker] INFO org.springframework.test.context.support.AnnotationConfigContextLoaderUtils -- Could not detect default configuration classes for test class [com.reliaquest.api.ApiApplicationTest]: ApiApplicationTest does not declare any static, non-private, non-final, nested classes annotated with @Configuration.
14:06:54.661 [Test worker] INFO org.springframework.boot.test.context.SpringBootTestContextBootstrapper -- Found @SpringBootConfiguration com.reliaquest.api.ApiApplication for test class com.reliaquest.api.ApiApplicationTest

  .   ____          _            __ _ _
 /\\ / ___'_ __ _ _(_)_ __  __ _ \ \ \ \
( ( )\___ | '_ | '_| | '_ \/ _` | \ \ \ \
 \\/  ___)| |_)| | | | | || (_| |  ) ) ) )
  '  |____| .__|_| |_|_| |_\__, | / / / /
 =========|_|==============|___/=/_/_/_/
 :: Spring Boot ::               (v3.2.10)

2024-11-28T14:06:54.989+09:00  INFO 69072 --- [employee-api] [    Test worker] com.reliaquest.api.ApiApplicationTest    : Starting ApiApplicationTest using Java 17.0.13 with PID 69072 (started by gajendrawaghmare in /Users/gajendrawaghmare/java-employee-challenge/api)
2024-11-28T14:06:54.990+09:00  INFO 69072 --- [employee-api] [    Test worker] com.reliaquest.api.ApiApplicationTest    : No active profile set, falling back to 1 default profile: "default"
2024-11-28T14:06:55.580+09:00  INFO 69072 --- [employee-api] [    Test worker] o.s.cloud.context.scope.GenericScope     : BeanFactory id=92d3cee4-ab2f-3756-b442-70355881bcc1
2024-11-28T14:06:56.126+09:00  INFO 69072 --- [employee-api] [    Test worker] com.reliaquest.api.ApiApplicationTest    : Started ApiApplicationTest in 1.354 seconds (process running for 2.34)
]]></system-out>
  <system-err><![CDATA[]]></system-err>
</testsuite>
